0 info it worked if it ends with ok
1 verbose cli [ '/usr/local/bin/node',
1 verbose cli   '/usr/local/bin/npm',
1 verbose cli   'publish',
1 verbose cli   '--access=public' ]
2 info using npm@3.10.3
3 info using node@v6.6.0
4 verbose publish [ '.' ]
5 silly cache add args [ '.', null ]
6 verbose cache add spec .
7 silly cache add parsed spec Result {
7 silly cache add   raw: '.',
7 silly cache add   scope: null,
7 silly cache add   escapedName: null,
7 silly cache add   name: null,
7 silly cache add   rawSpec: '.',
7 silly cache add   spec: '/home/prince/projects/react-native-snackbar',
7 silly cache add   type: 'directory' }
8 verbose addLocalDirectory /home/prince/.npm/@prince8verma/react-native-snackbar/1.0.5/package.tgz not in flight; packing
9 verbose correctMkdir /home/prince/.npm correctMkdir not in flight; initializing
10 info lifecycle @prince8verma/react-native-snackbar@1.0.5~prepublish: @prince8verma/react-native-snackbar@1.0.5
11 silly lifecycle @prince8verma/react-native-snackbar@1.0.5~prepublish: no script for prepublish, continuing
12 verbose tar pack [ '/home/prince/.npm/@prince8verma/react-native-snackbar/1.0.5/package.tgz',
12 verbose tar pack   '/home/prince/projects/react-native-snackbar' ]
13 verbose tarball /home/prince/.npm/@prince8verma/react-native-snackbar/1.0.5/package.tgz
14 verbose folder /home/prince/projects/react-native-snackbar
15 verbose addLocalTarball adding from inside cache /home/prince/.npm/@prince8verma/react-native-snackbar/1.0.5/package.tgz
16 verbose correctMkdir /home/prince/.npm correctMkdir not in flight; initializing
17 silly cache afterAdd @prince8verma/react-native-snackbar@1.0.5
18 verbose afterAdd /home/prince/.npm/@prince8verma/react-native-snackbar/1.0.5/package/package.json not in flight; writing
19 verbose correctMkdir /home/prince/.npm correctMkdir not in flight; initializing
20 verbose afterAdd /home/prince/.npm/@prince8verma/react-native-snackbar/1.0.5/package/package.json written
21 silly publish { name: '@prince8verma/react-native-snackbar',
21 silly publish   version: '1.0.5',
21 silly publish   description: 'Provide snackbar from top or bottom, as per requirements. Its a simple React-native library, works for both Android and IOS.',
21 silly publish   main: 'snackBar.js',
21 silly publish   scripts: { test: 'echo "Error: no test specified" && exit 1' },
21 silly publish   repository:
21 silly publish    { type: 'git',
21 silly publish      url: 'git+https://github.com/prince8verma/react-native-snackbar.git' },
21 silly publish   author: { name: '“Prince', email: '“prince.verma@daffodilsw.com”' },
21 silly publish   license: 'MIT',
21 silly publish   bugs: { url: 'https://github.com/prince8verma/react-native-snackbar/issues' },
21 silly publish   homepage: 'https://github.com/prince8verma/react-native-snackbar#readme',
21 silly publish   dependencies: { 'react-native-simple-events': '^1.0.1' },
21 silly publish   devDependencies: {},
21 silly publish   readme: '# react-native-snackbar\n\nSnackbars are used for displaying a brief message to the user, along with an optional action. \nThey animate up from the bottom of the screen and then disappear shortly afterward.\nThis repo provides snackbar that can appear from bottom or top as per requirements.\n\nIt is a simple React-native library, works for both Android and IOS.\n\nYou have to Just import it and use it.\nIts has dependency on react-native-simple-events.\nIt is a minimalist implementation of snackbar. It is small and fast. \n\n![Alt text](./images/top.png?raw=true "Optional Title")\n![Alt text](./images/bottom.png?raw=true "Optional Title")\n\n## Installation\n\n```\nnpm install @prince8verma/react-native-snackbar --save\n```\n\n### Implementation\n```\nimport Snackbar from \'@prince8verma/react-native-snackbar\';\n\n<View style={{flxe:1}}>\n    {/*...........Root App code.......*/}\n    <SnackBar id={"Root_App"}/>\n</View>\n```\n\n```\nimport Events from "react-native-simple-events";\n\nEvents.trigger(\'showSnackBar\', {\n            message: "Your custom message",\n            textColor: \'#FFF\',      // message text color\n            position: \'top\',  // enum(top/bottom).\n            confirmText: \'OK\', // button text.\n            buttonColor: \'#03a9f4\', // default button text color\n            duration: 4000,   // (in ms), duartion for which snackbar is visible.\n            animationTime: 250, // time duration in which snackbar will complete its open/close animation.\n            backgroundColor:"#323232", //background color for snackbar\n            onConfirm: () => {},    //  perform some task here on snackbar button press.\n  });\n```\n\n\n\nThe option to support:\n\n|property|type|default|description|\n|--------|----|-------|-----------|\n|message|String|\'Had a snack at snackBar.\'|Message shown in snackbar.|\n|textColor|color string|"#FFF"|message text color|\n|position|enum("top"/"bottom")|"bottom"|position of snackbar|\n|confirmText| "String"| "OK" | button text.|\n|buttonColor| color string| "#03a9f4" |default button text color|\n|duration|Int| 5000 | time in ms, duartion for which snackbar is visible|\n|animationTime|Int| 250 | time in ms, duration in which snackbar will complete its open/close animation.|\n|backgroundColor| color string| "#323232" |background color for snackbar|\n|onConfirm| function |undefined |perform some task here on snackbar button press.|\n\n\n',
21 silly publish   readmeFilename: 'README.md',
21 silly publish   gitHead: '619c8911059977709ee663b2f2115e8fe80b37ea',
21 silly publish   _id: '@prince8verma/react-native-snackbar@1.0.5',
21 silly publish   _shasum: '1e861391b940b5aa3a515493371ad86f962b6a8e',
21 silly publish   _from: '.' }
22 verbose getPublishConfig undefined
23 silly mapToRegistry name @prince8verma/react-native-snackbar
24 silly mapToRegistry scope (from package name) @prince8verma
25 verbose mapToRegistry no registry URL found in name for scope @prince8verma
26 silly mapToRegistry using default registry
27 silly mapToRegistry registry https://registry.npmjs.org/
28 silly mapToRegistry data Result {
28 silly mapToRegistry   raw: '@prince8verma/react-native-snackbar',
28 silly mapToRegistry   scope: '@prince8verma',
28 silly mapToRegistry   escapedName: '@prince8verma%2freact-native-snackbar',
28 silly mapToRegistry   name: '@prince8verma/react-native-snackbar',
28 silly mapToRegistry   rawSpec: '',
28 silly mapToRegistry   spec: 'latest',
28 silly mapToRegistry   type: 'tag' }
29 silly mapToRegistry uri https://registry.npmjs.org/@prince8verma%2freact-native-snackbar
30 verbose publish registryBase https://registry.npmjs.org/
31 silly publish uploading /home/prince/.npm/@prince8verma/react-native-snackbar/1.0.5/package.tgz
32 verbose stack Error: auth required for publishing
32 verbose stack     at CachingRegistryClient.publish (/usr/local/lib/node_modules/npm/node_modules/npm-registry-client/lib/publish.js:30:14)
32 verbose stack     at /usr/local/lib/node_modules/npm/lib/publish.js:138:14
32 verbose stack     at mapToRegistry (/usr/local/lib/node_modules/npm/lib/utils/map-to-registry.js:62:3)
32 verbose stack     at publish_ (/usr/local/lib/node_modules/npm/lib/publish.js:107:3)
32 verbose stack     at Array.<anonymous> (/usr/local/lib/node_modules/npm/node_modules/slide/lib/bind-actor.js:15:8)
32 verbose stack     at LOOP (/usr/local/lib/node_modules/npm/node_modules/slide/lib/chain.js:15:14)
32 verbose stack     at LOOP (/usr/local/lib/node_modules/npm/node_modules/slide/lib/chain.js:14:28)
32 verbose stack     at chain (/usr/local/lib/node_modules/npm/node_modules/slide/lib/chain.js:20:5)
32 verbose stack     at /usr/local/lib/node_modules/npm/lib/publish.js:73:5
32 verbose stack     at RES (/usr/local/lib/node_modules/npm/node_modules/inflight/inflight.js:23:14)
33 verbose cwd /home/prince/projects/react-native-snackbar
34 error Linux 4.4.0-66-generic
35 error argv "/usr/local/bin/node" "/usr/local/bin/npm" "publish" "--access=public"
36 error node v6.6.0
37 error npm  v3.10.3
38 error code ENEEDAUTH
39 error need auth auth required for publishing
40 error need auth You need to authorize this machine using `npm adduser`
41 verbose exit [ 1, true ]
